<?xml version="1.0" encoding="UTF-8"?>
<testsuite name="org.zerock.springex.sample.SampleTests" tests="1" skipped="0" failures="0" errors="0" timestamp="2022-09-06T12:00:42" hostname="DESKTOP-RUDTUDO" time="0.016">
  <properties/>
  <testcase name="testService1()" classname="org.zerock.springex.sample.SampleTests" time="0.016"/>
  <system-out><![CDATA[09:00:42  INFO [org.springframework.test.context.support.DefaultTestContextBootstrapper] Loaded default TestExecutionListener class names from location [META-INF/spring.factories]: [org.springframework.test.context.web.ServletTestExecutionListener, org.springframework.test.context.support.DirtiesContextBeforeModesTestExecutionListener, org.springframework.test.context.event.ApplicationEventsTestExecutionListener, org.springframework.test.context.support.DependencyInjectionTestExecutionListener, org.springframework.test.context.support.DirtiesContextTestExecutionListener, org.springframework.test.context.transaction.TransactionalTestExecutionListener, org.springframework.test.context.jdbc.SqlScriptsTestExecutionListener, org.springframework.test.context.event.EventPublishingTestExecutionListener]
09:00:42  INFO [org.springframework.test.context.support.DefaultTestContextBootstrapper] Using TestExecutionListeners: [org.springframework.test.context.support.DirtiesContextBeforeModesTestExecutionListener@424ecff0, org.springframework.test.context.event.ApplicationEventsTestExecutionListener@17ccbebe, org.springframework.test.context.support.DependencyInjectionTestExecutionListener@47d1d494, org.springframework.test.context.support.DirtiesContextTestExecutionListener@74ad534b, org.springframework.test.context.event.EventPublishingTestExecutionListener@40a82361]
09:00:42  INFO [org.zerock.springex.sample.SampleTests] SampleService(sampleDAO=org.zerock.springex.sample.SampleDAOImpl@6e307426)
]]></system-out>
  <system-err><![CDATA[]]></system-err>
</testsuite>
