<?xml version="1.0" encoding="UTF-8"?>
<testsuite name="org.zerock.service.TodoServiceTests" tests="1" skipped="0" failures="0" errors="0" timestamp="2022-09-01T08:10:38" hostname="DESKTOP-4A7G9O2" time="0.778">
  <properties/>
  <testcase name="testRegister()" classname="org.zerock.service.TodoServiceTests" time="0.778"/>
  <system-out><![CDATA[17:10:38.673 [Test worker] INFO  org.zerock.service.TodoServiceTests------------------------
17:10:38.687 [Test worker] INFO  org.zerock.service.TodoServiceTests-TodoDTO(tno=null, title=JDBC Test Title, dueDate=2022-09-01, finished=false)
17:10:38.833 [Test worker] INFO  org.zerock.jdbcex.service.TodoService-TodoVO(tno=null, title=JDBC Test Title, dueDate=2022-09-01, finished=false)
17:10:38.926 [Test worker] INFO  com.zaxxer.hikari.HikariDataSource-HikariPool-1 - Starting...
17:10:39.196 [Test worker] INFO  com.zaxxer.hikari.pool.HikariPool-HikariPool-1 - Added connection org.mariadb.jdbc.Connection@68e62ca4
17:10:39.204 [Test worker] INFO  com.zaxxer.hikari.HikariDataSource-HikariPool-1 - Start completed.
]]></system-out>
  <system-err><![CDATA[]]></system-err>
</testsuite>
